<?xml version="1.0" encoding="UTF-8"?>
<!-- Generated by org.testng.reporters.JUnitXMLReporter -->
<testsuite ignored="0" hostname="Krishna_PC" failures="0" tests="8" name="User API Tests" time="6.979" errors="0" timestamp="2026-05-27T10:50:13 PDT">
  <testcase classname="tests.UserTests" name="createUserPositive" time="2.91"/>
  <testcase classname="tests.UserTests" name="createUserNegative" time="1.002"/>
  <testcase classname="tests.UserTests" name="getUserPositive" time="0.545"/>
  <testcase classname="tests.UserTests" name="getUserNegative" time="0.468"/>
  <testcase classname="tests.UserTests" name="updateUserPositive" time="0.505"/>
  <testcase classname="tests.UserTests" name="updateUserNegative" time="0.507"/>
  <testcase classname="tests.UserTests" name="deleteUserPositive" time="0.431"/>
  <testcase classname="tests.UserTests" name="deleteUserNegative" time="0.464"/>
</testsuite> <!-- User API Tests -->
